[04:38:00] *** Joins: chinmay_dd_ (~chinmay_d@104.131.27.40)
[04:39:06] *** Quits: chinmay_dd (~chinmay_d@2604:a880:800:10::153:1001) (Ping timeout: 264 seconds)
[04:39:12] *** chinmay_dd_ is now known as chinmay_dd
[09:02:37] *** Joins: salman-bhai (b63a5c4b@gateway/web/freenode/ip.182.58.92.75)
[09:11:06] *** Joins: vilas_m (3b63c44f@gateway/web/freenode/ip.59.99.196.79)
[09:13:52] <vinayb> chinmay_dd: nice one :P
[09:18:51] *** vinayb changes topic to 'Distributed Systems Programming with Erlang | Today's log: https://goo.gl/rjBqlA'
[09:19:44] <salman-bhai> Hi vilas_m and @vinayb!
[09:19:55] <vinayb> hey salman-bhai 
[09:20:03] <vilas_m> Hey salman-bhai! :D
[09:21:30] <salman-bhai> Busy week huh, @vinayb?
[09:22:27] <vinayb> you don't know the least of it. Binge watching Suits is tiring
[09:22:48] <vinayb> But seriously though, yeah pretty busy week 
[09:22:50] <salman-bhai> Which season? :p
[09:23:02] <salman-bhai> I can always give spoilers if u want
[09:23:10] <salman-bhai> U just have to ask :D
[09:23:18] <vinayb> 3 more episodes left in Season 5 :P
[09:24:01] <vinayb> I'm gonna wait until some more people come. So we'll start at 7 05 or 7 10
[09:24:25] <salman-bhai> No problem :p
[09:24:35] *** Joins: rakshith (~hehaichi@117.192.99.8)
[09:26:34] *** Joins: adarsh (6ace9115@gateway/web/freenode/ip.106.206.145.21)
[09:28:41] <salman-bhai> Hey rakshith and adarsh!
[09:29:00] <rakshith> Hey salman-bhai!
[09:29:47] <salman-bhai> @rakshith did u finish the assignment? :p
[09:29:54] <rakshith> yep :P
[09:30:04] <rakshith> wbu?
[09:30:14] <salman-bhai> Wow I'm the only one left :p
[09:30:21] <salman-bhai> I have 2 functions left
[09:31:15] <salman-bhai> I sent my laptop for repair :p
[09:31:25] <adarsh> hey salman bhai
[09:31:33] <rakshith> what had happened?
[09:31:44] <adarsh> i m with you don't worry
[09:31:55] <salman-bhai> Lol adarsh :p
[09:32:08] *** Joins: m_gautham (2d7d2594@gateway/web/freenode/ip.45.125.37.148)
[09:32:19] <salman-bhai> @rakshith I left it switched ON for 3 consecutive days some heating issue it seems :p
[09:32:27] <rakshith> lol!
[09:32:42] <salman-bhai> Hey m_gautham
[09:32:52] <m_gautham> thanks for the previous session
[09:33:02] <rakshith> The laptop should shut down by itself after a temperature threshold though
[09:33:13] <m_gautham> hi salman
[09:33:32] <m_gautham> *salman-bhai
[09:33:37] <salman-bhai> It did after a burning smell which my mom thought was fire in the house
[09:33:43] <salman-bhai> LOl gautham :p
[09:33:54] <salman-bhai> m_gautham*
[09:35:05] <rakshith> salman-bhai, waiting for Suits S06? :P
[09:35:57] <salman-bhai> July 13 it is my friend
[09:36:04] <salman-bhai> :D
[09:36:12] <rakshith> 1 more month still :(
[09:37:33] *** Joins: vilas_m_ (3b63c44f@gateway/web/freenode/ip.59.99.196.79)
[09:38:48] <salman-bhai> vilas_m paying two times the attention?
[09:39:13] <vilas_m_> LOL xD No, the other one got hanged for some reason :P
[09:39:25] <salman-bhai> :D
[09:39:32] *** Quits: vilas_m (3b63c44f@gateway/web/freenode/ip.59.99.196.79) (Ping timeout: 250 seconds)
[09:40:19] <vinayb> hey guys
[09:40:23] <vinayb> let's start then
[09:40:54] <vinayb> Everyone ready?
[09:40:58] <vilas_m_> Yup
[09:41:00] <salman-bhai> Yeah
[09:41:08] <m_gautham> yup
[09:41:36] <adarsh> yeah
[09:41:50] <vinayb> today we are going to be talking about Higher Order Functions
[09:42:02] <vinayb> does anyone have an idea what they might be?
[09:42:32] <salman-bhai> no
[09:42:50] <vilas_m_> No
[09:42:53] <rakshith> no
[09:43:08] <vinayb> Higher order functions are those functions that can take a function as a parameter and/or return a function
[09:43:27] <vinayb> fire up your editors and shell and type this out:
[09:43:29] *** Joins: adarsh_ (6ad8a300@gateway/web/freenode/ip.106.216.163.0)
[09:43:43] <vinayb> five() -> 5.
[09:43:46] <vinayb> six() -> 6.
[09:43:55] *** Joins: m_gautham_ (2d7d2657@gateway/web/freenode/ip.45.125.38.87)
[09:44:04] <vinayb> add(A,B) -> A() + B().
[09:44:22] <vinayb> save the file, and load the module into the shell
[09:44:31] <vinayb> now tell me the output for these:
[09:44:46] <vinayb> module_name:add(five,six).
