[01:18:01] *** Joins: rakshith (~hehaichi@61.3.24.144)
[02:02:38] *** Quits: rakshith (~hehaichi@61.3.24.144) (Ping timeout: 265 seconds)
[08:34:24] <vinayb> testing log 2
[08:41:23] <vinayb> some more testing
[08:43:59] *** vinayb changes topic to 'Distributed Systems Programming with Erlang | Today's log: https://goo.gl/3ud7jK'
[09:02:45] *** Joins: botBot_ (736337c3@gateway/web/freenode/ip.115.99.55.195)
[09:10:55] *** Joins: salman_ (b63a6b9b@gateway/web/freenode/ip.182.58.107.155)
[09:18:10] <vinayb> hello salman_ 
[09:18:21] <salman_> Hi vinayb
[09:18:33] <salman_> :D
[09:18:50] <salman_> How much time to start?
[09:19:11] <botBot_> Gonna wait till people show up, might start by 7 15 or so
[09:19:51] <salman_> Great I'll get a Shawrma and come :p
[09:20:07] <salman_> I'm assuming botBot_ is Akshay?
[09:20:28] <vinayb> no no it's my other monitoring account :P
[09:20:34] <vinayb> ahh shawarma
[09:20:38] <vinayb> sounds delicious
[09:21:58] *** Joins: vilas_m (75dd2100@gateway/web/freenode/ip.117.221.33.0)
[09:23:08] <salman_> Like seriously vinayb creating fake accountss
[09:23:35] <salman_> You could have told me its my AI like JARVIS and I would've believed you :p
[09:26:30] <vinayb> I never said otherwise ;)
[09:28:24] *** Joins: aditya_a (75c04f5b@gateway/web/freenode/ip.117.192.79.91)
[09:30:02] *** Joins: Z1 (~akshayrev@117.215.134.228)
[09:31:01] *** Joins: m_gautham (75ca2125@gateway/web/freenode/ip.117.202.33.37)
[09:34:18] <Z1> oh god.. stop commiting every 1 minute da..
[09:34:54] *** Z1 is now known as akshayrevankar
[09:35:54] <vinayb> auto log bro :P 
