[02:53:06] *** Joins: pratyushgr (7aa25b24@gateway/web/freenode/ip.122.162.91.36)
[03:46:42] *** Quits: pratyushgr (7aa25b24@gateway/web/freenode/ip.122.162.91.36) (Ping timeout: 250 seconds)
[07:36:49] <vinayb> hola folks
[09:00:21] *** Joins: salman-bhai (b63a62f8@gateway/web/freenode/ip.182.58.98.248)
[09:08:40] <salman-bhai> https://summerofcode.withgoogle.com/projects/#5369657808650240
[09:08:52] <salman-bhai> Just in case anyone is interested.
[09:12:35] <vinayb> selections for this year's GSoC are over yeah?
[09:13:25] <salman-bhai> Yeah long back
[09:14:40] <salman-bhai> The projects have started today.
[09:14:54] <salman-bhai> Well they started coding today for the projects!
[09:15:45] <vinayb> oh interesting
[09:15:52] <vinayb> i should talk to Param 
[09:19:17] <salman-bhai> Do people get GSoC at the end of second year from NITK?
[09:20:34] <vinayb> some excellent people do. Karthik Senthil two years back. Param Hanji this year
[09:20:57] *** Joins: aditya (75c04a62@gateway/web/freenode/ip.117.192.74.98)
[09:23:51] *** Joins: m_gautham (673c4634@gateway/web/freenode/ip.103.60.70.52)
[09:23:59] <salman-bhai> Ah okay!
[09:31:06] <vinayb> let's wait a few minutes for everyone to arrive
[09:32:14] *** Joins: vilas_m (dfeefbf8@gateway/web/freenode/ip.223.238.251.248)
[09:32:47] *** vinayb changes topic to 'Distributed Systems Programming with Erlang | Today's log: https://goo.gl/v7EP1x'
[09:33:03] <salman-bhai> Hi everyone!
[09:34:04] <vilas_m> Hi Bhai! :P
[09:35:28] <aditya> Hi Sallu bhai!!
[09:36:00] <salman-bhai> @vinayb See I told u :D
[09:36:14] <vinayb> haha salman-bhai xD
[09:36:33] <vinayb> btw salman-bhai, can you please message your peers to join us here :P
[09:36:45] <salman-bhai> sure
[09:38:49] <vinayb> alright, we'll begin
[09:38:55] <salman-bhai> Pratyush will join us in 5 minutes
[09:39:03] <vinayb> All of you guys ready?
